[0m07:13:47.828747 [debug] [MainThread]: Sending event: {'category': 'dbt', 'action': 'invocation', 'label': 'start', 'context': [<snowplow_tracker.self_describing_json.SelfDescribingJson object at 0x7f8136bd2420>, <snowplow_tracker.self_describing_json.SelfDescribingJson object at 0x7f81366aae70>, <snowplow_tracker.self_describing_json.SelfDescribingJson object at 0x7f8137e420f0>]}


============================== 07:13:47.837813 | d0f9d27a-4ea1-4f83-99ac-4abc98a91072 ==============================
[0m07:13:47.837813 [info ] [MainThread]: Running with dbt=1.9.0
[0m07:13:47.838404 [debug] [MainThread]: running dbt with arguments {'printer_width': '80', 'indirect_selection': 'eager', 'log_cache_events': 'False', 'write_json': 'True', 'partial_parse': 'True', 'cache_selected_only': 'False', 'profiles_dir': '/root/.dbt', 'debug': 'False', 'fail_fast': 'False', 'log_path': 'logs', 'version_check': 'True', 'warn_error': 'None', 'use_colors': 'True', 'use_experimental_parser': 'False', 'empty': 'None', 'quiet': 'False', 'no_print': 'None', 'warn_error_options': 'WarnErrorOptions(include=[], exclude=[])', 'invocation_command': 'dbt debug', 'introspect': 'True', 'log_format': 'default', 'target_path': 'None', 'static_parser': 'True', 'send_anonymous_usage_stats': 'True'}
[0m07:13:47.898473 [info ] [MainThread]: dbt version: 1.9.0
[0m07:13:47.898923 [info ] [MainThread]: python version: 3.12.4
[0m07:13:47.899634 [info ] [MainThread]: python path: /usr/local/bin/python
[0m07:13:47.900784 [info ] [MainThread]: os info: Linux-5.15.167.4-microsoft-standard-WSL2-x86_64-with-glibc2.31
[0m07:13:47.901298 [info ] [MainThread]: Using profiles dir at /root/.dbt
[0m07:13:47.901778 [info ] [MainThread]: Using profiles.yml file at /root/.dbt/profiles.yml
[0m07:13:47.902237 [info ] [MainThread]: Using dbt_project.yml file at /usr/app/dbt_project.yml
[0m07:13:47.902707 [info ] [MainThread]: Configuration:
[0m07:13:47.903150 [info ] [MainThread]:   profiles.yml file [[31mERROR not found[0m]
[0m07:13:47.903572 [info ] [MainThread]:   dbt_project.yml file [[31mERROR not found[0m]
[0m07:13:47.904011 [info ] [MainThread]: Required dependencies:
[0m07:13:47.904537 [debug] [MainThread]: Executing "git --help"
[0m07:13:47.923544 [debug] [MainThread]: STDOUT: "b"usage: git [--version] [--help] [-C <path>] [-c <name>=<value>]\n           [--exec-path[=<path>]] [--html-path] [--man-path] [--info-path]\n           [-p | --paginate | -P | --no-pager] [--no-replace-objects] [--bare]\n           [--git-dir=<path>] [--work-tree=<path>] [--namespace=<name>]\n           <command> [<args>]\n\nThese are common Git commands used in various situations:\n\nstart a working area (see also: git help tutorial)\n   clone             Clone a repository into a new directory\n   init              Create an empty Git repository or reinitialize an existing one\n\nwork on the current change (see also: git help everyday)\n   add               Add file contents to the index\n   mv                Move or rename a file, a directory, or a symlink\n   restore           Restore working tree files\n   rm                Remove files from the working tree and from the index\n   sparse-checkout   Initialize and modify the sparse-checkout\n\nexamine the history and state (see also: git help revisions)\n   bisect            Use binary search to find the commit that introduced a bug\n   diff              Show changes between commits, commit and working tree, etc\n   grep              Print lines matching a pattern\n   log               Show commit logs\n   show              Show various types of objects\n   status            Show the working tree status\n\ngrow, mark and tweak your common history\n   branch            List, create, or delete branches\n   commit            Record changes to the repository\n   merge             Join two or more development histories together\n   rebase            Reapply commits on top of another base tip\n   reset             Reset current HEAD to the specified state\n   switch            Switch branches\n   tag               Create, list, delete or verify a tag object signed with GPG\n\ncollaborate (see also: git help workflows)\n   fetch             Download objects and refs from another repository\n   pull              Fetch from and integrate with another repository or a local branch\n   push              Update remote refs along with associated objects\n\n'git help -a' and 'git help -g' list available subcommands and some\nconcept guides. See 'git help <command>' or 'git help <concept>'\nto read about a specific subcommand or concept.\nSee 'git help git' for an overview of the system.\n""
[0m07:13:47.924018 [debug] [MainThread]: STDERR: "b''"
[0m07:13:47.924315 [info ] [MainThread]:  - git [[32mOK found[0m]

[0m07:13:47.924672 [info ] [MainThread]: Connection test skipped since no profile was found
[0m07:13:47.925183 [info ] [MainThread]: [31m2 checks failed:[0m
[0m07:13:47.925695 [info ] [MainThread]: dbt looked for a profiles.yml file in /root/.dbt/profiles.yml, but did
not find one. For more information on configuring your profile, consult the
documentation:

https://docs.getdbt.com/docs/configure-your-profile


[0m07:13:47.926153 [info ] [MainThread]: Project loading failed for the following reason:
 project path </usr/app/dbt_project.yml> not found

[0m07:13:47.928091 [debug] [MainThread]: Resource report: {"command_name": "debug", "command_success": false, "command_wall_clock_time": 0.16176389, "process_in_blocks": "83344", "process_kernel_time": 0.307862, "process_mem_max_rss": "86964", "process_out_blocks": "1480", "process_user_time": 1.728001}
[0m07:13:47.929087 [debug] [MainThread]: Command `dbt debug` failed at 07:13:47.928865 after 0.16 seconds
[0m07:13:47.929793 [debug] [MainThread]: Sending event: {'category': 'dbt', 'action': 'invocation', 'label': 'end', 'context': [<snowplow_tracker.self_describing_json.SelfDescribingJson object at 0x7f8136c88e30>, <snowplow_tracker.self_describing_json.SelfDescribingJson object at 0x7f813658db50>, <snowplow_tracker.self_describing_json.SelfDescribingJson object at 0x7f813658e030>]}
[0m07:13:47.931049 [debug] [MainThread]: Flushing usage events
[0m07:13:48.443909 [debug] [MainThread]: An error was encountered while trying to flush usage events
[0m15:26:46.512129 [debug] [MainThread]: Sending event: {'category': 'dbt', 'action': 'invocation', 'label': 'start', 'context': [<snowplow_tracker.self_describing_json.SelfDescribingJson object at 0x7fea43fc3b00>, <snowplow_tracker.self_describing_json.SelfDescribingJson object at 0x7fea43fc2de0>, <snowplow_tracker.self_describing_json.SelfDescribingJson object at 0x7fea43fa2060>]}


============================== 15:26:46.521610 | 47fb7727-d54d-416a-bce8-adbbc1e76270 ==============================
[0m15:26:46.521610 [info ] [MainThread]: Running with dbt=1.9.0
[0m15:26:46.522358 [debug] [MainThread]: running dbt with arguments {'printer_width': '80', 'indirect_selection': 'eager', 'write_json': 'True', 'log_cache_events': 'False', 'partial_parse': 'True', 'cache_selected_only': 'False', 'profiles_dir': '/root/.dbt', 'fail_fast': 'False', 'version_check': 'True', 'log_path': 'logs', 'debug': 'False', 'warn_error': 'None', 'use_colors': 'True', 'use_experimental_parser': 'False', 'no_print': 'None', 'quiet': 'False', 'empty': 'False', 'log_format': 'default', 'static_parser': 'True', 'invocation_command': 'dbt run', 'introspect': 'True', 'target_path': 'None', 'warn_error_options': 'WarnErrorOptions(include=[], exclude=[])', 'send_anonymous_usage_stats': 'True'}
[0m15:26:46.522797 [error] [MainThread]: Encountered an error:
Runtime Error
  No dbt_project.yml found at expected path /usr/app/dbt_project.yml
  Verify that each entry within packages.yml (and their transitive dependencies) contains a file named dbt_project.yml
  
[0m15:26:46.524077 [debug] [MainThread]: Resource report: {"command_name": "run", "command_success": false, "command_wall_clock_time": 0.0742522, "process_in_blocks": "8", "process_kernel_time": 0.207077, "process_mem_max_rss": "87232", "process_out_blocks": "1480", "process_user_time": 1.770511}
[0m15:26:46.524873 [debug] [MainThread]: Command `dbt run` failed at 15:26:46.524744 after 0.08 seconds
[0m15:26:46.525285 [debug] [MainThread]: Sending event: {'category': 'dbt', 'action': 'invocation', 'label': 'end', 'context': [<snowplow_tracker.self_describing_json.SelfDescribingJson object at 0x7fea43e44860>, <snowplow_tracker.self_describing_json.SelfDescribingJson object at 0x7fea43a6a600>, <snowplow_tracker.self_describing_json.SelfDescribingJson object at 0x7fea43a69a60>]}
[0m15:26:46.525755 [debug] [MainThread]: Flushing usage events
[0m15:26:46.997642 [debug] [MainThread]: An error was encountered while trying to flush usage events
[0m16:01:57.850412 [debug] [MainThread]: Sending event: {'category': 'dbt', 'action': 'invocation', 'label': 'start', 'context': [<snowplow_tracker.self_describing_json.SelfDescribingJson object at 0x7fb02c482ba0>, <snowplow_tracker.self_describing_json.SelfDescribingJson object at 0x7fb02de44dd0>, <snowplow_tracker.self_describing_json.SelfDescribingJson object at 0x7fb02c482690>]}


============================== 16:01:57.859051 | f26b1b4e-8945-448c-a9e0-4afe68aef3ad ==============================
[0m16:01:57.859051 [info ] [MainThread]: Running with dbt=1.9.0
[0m16:01:57.859970 [debug] [MainThread]: running dbt with arguments {'printer_width': '80', 'indirect_selection': 'eager', 'write_json': 'True', 'log_cache_events': 'False', 'partial_parse': 'True', 'cache_selected_only': 'False', 'profiles_dir': '/root/.dbt', 'debug': 'False', 'version_check': 'True', 'log_path': 'logs', 'fail_fast': 'False', 'warn_error': 'None', 'use_colors': 'True', 'use_experimental_parser': 'False', 'empty': 'False', 'quiet': 'False', 'no_print': 'None', 'log_format': 'default', 'static_parser': 'True', 'warn_error_options': 'WarnErrorOptions(include=[], exclude=[])', 'introspect': 'True', 'target_path': 'None', 'invocation_command': 'dbt run', 'send_anonymous_usage_stats': 'True'}
[0m16:01:57.860819 [error] [MainThread]: Encountered an error:
Runtime Error
  No dbt_project.yml found at expected path /usr/app/dbt_project.yml
  Verify that each entry within packages.yml (and their transitive dependencies) contains a file named dbt_project.yml
  
[0m16:01:57.862623 [debug] [MainThread]: Resource report: {"command_name": "run", "command_success": false, "command_wall_clock_time": 0.07794336, "process_in_blocks": "440", "process_kernel_time": 0.307733, "process_mem_max_rss": "87088", "process_out_blocks": "1480", "process_user_time": 1.672017}
[0m16:01:57.863235 [debug] [MainThread]: Command `dbt run` failed at 16:01:57.863118 after 0.08 seconds
[0m16:01:57.863662 [debug] [MainThread]: Sending event: {'category': 'dbt', 'action': 'invocation', 'label': 'end', 'context': [<snowplow_tracker.self_describing_json.SelfDescribingJson object at 0x7fb02b9c1490>, <snowplow_tracker.self_describing_json.SelfDescribingJson object at 0x7fb02bb30ce0>, <snowplow_tracker.self_describing_json.SelfDescribingJson object at 0x7fb02ba45b50>]}
[0m16:01:57.864048 [debug] [MainThread]: Flushing usage events
[0m16:01:58.332098 [debug] [MainThread]: An error was encountered while trying to flush usage events
